#! /usr/bin/vvp
:ivl_version "0.9.7 " "(v0_9_7)";
:vpi_time_precision + 0;
:vpi_module "system";
:vpi_module "v2005_math";
:vpi_module "va_math";
S_0x23cd690 .scope module, "teste" "teste" 2 15;
 .timescale 0 0;
v0x24144e0_0 .var "E1", 43 0;
v0x2414580_0 .var "E2", 43 0;
v0x2414630_0 .net "S0", 43 0, v0x2414400_0; 1 drivers
v0x24146e0_0 .var "clock", 0 0;
S_0x23cd780 .scope module, "B" "somador" 2 20, 2 1, S_0x23cd690;
 .timescale 0 0;
v0x23deec0_0 .net "E1", 43 0, v0x24144e0_0; 1 drivers
v0x2414170_0 .net "E2", 43 0, v0x2414580_0; 1 drivers
v0x2414210_0 .alias "S0", 43 0, v0x2414630_0;
v0x24142b0_0 .var "aux", 43 0;
v0x2414360_0 .net "clock", 0 0, v0x24146e0_0; 1 drivers
v0x2414400_0 .var "saida", 43 0;
E_0x23ce3a0 .event posedge, v0x2414360_0;
    .scope S_0x23cd780;
T_0 ;
    %set/v v0x2414400_0, 0, 44;
    %end;
    .thread T_0;
    .scope S_0x23cd780;
T_1 ;
    %set/v v0x24142b0_0, 0, 44;
    %end;
    .thread T_1;
    .scope S_0x23cd780;
T_2 ;
    %wait E_0x23ce3a0;
    %load/v 8, v0x23deec0_0, 44;
    %load/v 52, v0x2414170_0, 44;
    %add 8, 52, 44;
    %ix/load 0, 44, 0;
    %assign/v0 v0x24142b0_0, 0, 8;
    %load/v 8, v0x24142b0_0, 44;
    %load/v 52, v0x2414400_0, 44;
    %add 8, 52, 44;
    %set/v v0x2414400_0, 8, 44;
    %jmp T_2;
    .thread T_2;
    .scope S_0x23cd690;
T_3 ;
    %delay 3, 0;
    %load/v 8, v0x24146e0_0, 1;
    %inv 8, 1;
    %set/v v0x24146e0_0, 8, 1;
    %jmp T_3;
    .thread T_3;
    .scope S_0x23cd690;
T_4 ;
    %vpi_call 2 22 "$dumpvars";
    %delay 0, 0;
    %ix/load 0, 1, 0;
    %assign/v0 v0x24146e0_0, 0, 0;
    %movi 8, 2, 44;
    %ix/load 0, 44, 0;
    %assign/v0 v0x24144e0_0, 0, 8;
    %movi 8, 2, 44;
    %ix/load 0, 44, 0;
    %assign/v0 v0x2414580_0, 0, 8;
    %delay 6, 0;
    %movi 8, 4, 44;
    %ix/load 0, 44, 0;
    %assign/v0 v0x24144e0_0, 0, 8;
    %movi 8, 4, 44;
    %ix/load 0, 44, 0;
    %assign/v0 v0x2414580_0, 0, 8;
    %delay 6, 0;
    %movi 8, 5, 44;
    %ix/load 0, 44, 0;
    %assign/v0 v0x24144e0_0, 0, 8;
    %movi 8, 5, 44;
    %ix/load 0, 44, 0;
    %assign/v0 v0x2414580_0, 0, 8;
    %delay 6, 0;
    %movi 8, 3, 44;
    %ix/load 0, 44, 0;
    %assign/v0 v0x24144e0_0, 0, 8;
    %movi 8, 3, 44;
    %ix/load 0, 44, 0;
    %assign/v0 v0x2414580_0, 0, 8;
    %delay 12, 0;
    %vpi_call 2 40 "$finish";
    %end;
    .thread T_4;
# The file index is used to find the file name in the following table.
:file_names 3;
    "N/A";
    "<interactive>";
    "somador.v";
